Determining if the system is big endian passed with the following output:
Change Dir: /cygdrive/d/DongKyuKim/Magnetic Resonance/REMMI Test/niftyreg_build/CMakeFiles/CMakeTmp

Run Build Command:"/usr/bin/make.exe" "cmTC_b6510/fast"
/usr/bin/make -f CMakeFiles/cmTC_b6510.dir/build.make CMakeFiles/cmTC_b6510.dir/build
make[1]: Entering directory '/cygdrive/d/DongKyuKim/Magnetic Resonance/REMMI Test/niftyreg_build/CMakeFiles/CMakeTmp'
Building C object CMakeFiles/cmTC_b6510.dir/TestEndianess.c.o
/usr/bin/cc   -fopenmp    -o CMakeFiles/cmTC_b6510.dir/TestEndianess.c.o   -c "/cygdrive/d/DongKyuKim/Magnetic Resonance/REMMI Test/niftyreg_build/CMakeFiles/CMakeTmp/TestEndianess.c"
Linking C executable cmTC_b6510.exe
/usr/bin/cmake.exe -E cmake_link_script CMakeFiles/cmTC_b6510.dir/link.txt --verbose=1
/usr/bin/cc   -fopenmp   -Wl,--enable-auto-import  CMakeFiles/cmTC_b6510.dir/TestEndianess.c.o  -o cmTC_b6510.exe -Wl,--out-implib,libcmTC_b6510.dll.a -Wl,--major-image-version,0,--minor-image-version,0  
make[1]: Leaving directory '/cygdrive/d/DongKyuKim/Magnetic Resonance/REMMI Test/niftyreg_build/CMakeFiles/CMakeTmp'

TestEndianess.c:
/* A 16 bit integer is required. */
typedef unsigned short cmakeint16;

/* On a little endian machine, these 16bit ints will give "THIS IS LITTLE ENDIAN."
   On a big endian machine the characters will be exchanged pairwise. */
const cmakeint16 info_little[] =  {0x4854, 0x5349, 0x4920, 0x2053, 0x494c, 0x5454, 0x454c, 0x4520, 0x444e, 0x4149, 0x2e4e, 0x0000};

/* on a big endian machine, these 16bit ints will give "THIS IS BIG ENDIAN."
   On a little endian machine the characters will be exchanged pairwise. */
const cmakeint16 info_big[] =     {0x5448, 0x4953, 0x2049, 0x5320, 0x4249, 0x4720, 0x454e, 0x4449, 0x414e, 0x2e2e, 0x0000};

#ifdef __CLASSIC_C__
int main(argc, argv) int argc; char *argv[];
#else
int main(int argc, char *argv[])
#endif
{
  int require = 0;
  require += info_little[argc];
  require += info_big[argc];
  (void)argv;
  return require;
}


Value of the 22nd bit of a 32-bit quiet-NaN is 1TestQnanhibit.c produced following output:
Change Dir: /cygdrive/d/DongKyuKim/Magnetic Resonance/REMMI Test/niftyreg_build/CMakeFiles/CMakeTmp

Run Build Command:"/usr/bin/make.exe" "cmTC_0d5a3/fast"
/usr/bin/make -f CMakeFiles/cmTC_0d5a3.dir/build.make CMakeFiles/cmTC_0d5a3.dir/build
make[1]: Entering directory '/cygdrive/d/DongKyuKim/Magnetic Resonance/REMMI Test/niftyreg_build/CMakeFiles/CMakeTmp'
Building C object CMakeFiles/cmTC_0d5a3.dir/TestQnanhibit.c.o
/usr/bin/cc   -fopenmp    -o CMakeFiles/cmTC_0d5a3.dir/TestQnanhibit.c.o   -c "/cygdrive/d/DongKyuKim/Magnetic Resonance/REMMI Test/niftyreg_source/reg-io/nrrd/NrrdIO/CMake/TestQnanhibit.c"
Linking C executable cmTC_0d5a3.exe
/usr/bin/cmake.exe -E cmake_link_script CMakeFiles/cmTC_0d5a3.dir/link.txt --verbose=1
/usr/bin/cc   -fopenmp   -Wl,--enable-auto-import  CMakeFiles/cmTC_0d5a3.dir/TestQnanhibit.c.o  -o cmTC_0d5a3.exe -Wl,--out-implib,libcmTC_0d5a3.dll.a -Wl,--major-image-version,0,--minor-image-version,0  
make[1]: Leaving directory '/cygdrive/d/DongKyuKim/Magnetic Resonance/REMMI Test/niftyreg_build/CMakeFiles/CMakeTmp'
-DTEEM_QNANHIBIT=1


